Anand Testing  - again

	at org.grails.plugin.resource.ResourceMeta.beginPrepare(ResourceMeta.groovy:241)
	at org.grails.plugin.resource.ResourceMeta$beginPrepare.call(Unknown Source)
	at org.grails.plugin.resource.ResourceProcessor.prepareResource(ResourceProcessor.groovy:529)
	at sun.reflect.GeneratedMethodAccessor236.invoke(Unknown Source)
	at sun.reflect.DelegatingMethodAccessorImpl.invoke(DelegatingMethodAccessorImpl.java:25)
	at java.lang.reflect.Method.invoke(Method.java:597)
	at com.springsource.loaded.ri.ReflectiveInterceptor.jlrMethodInvoke(ReflectiveInterceptor.java:1231)
	at org.codehaus.groovy.reflection.CachedMethod.invoke(CachedMethod.java:90)
	at groovy.lang.MetaMethod.doMethodInvoke(MetaMethod.java:233)
	at groovy.lang.MetaClassImpl.invokeMethod(MetaClassImpl.java:1047)
	at groovy.lang.ExpandoMetaClass.invokeMethod(ExpandoMetaClass.java:1110)
	at groovy.lang.MetaClassImpl.invokeMethod(MetaClassImpl.java:877)
	at groovy.lang.MetaClassImpl.invokeMethod(MetaClassImpl.java:992)
	at groovy.lang.ExpandoMetaClass.invokeMethod(ExpandoMetaClass.java:1110)
	at groovy.lang.MetaClassImpl.invokeMethod(MetaClassImpl.java:877)
	at org.codehaus.groovy.runtime.callsite.PogoMetaClassSite.callCurrent(PogoMetaClassSite.java:66)
	at org.codehaus.groovy.runtime.callsite.AbstractCallSite.callCurrent(AbstractCallSite.java:145)
	at org.grails.plugin.resource.ResourceProcessor$_getResourceMetaForURI_closure10.doCall(ResourceProcessor.groovy:410)
	at sun.reflect.GeneratedMethodAccessor248.invoke(Unknown Source)
	at sun.reflect.DelegatingMethodAccessorImpl.invoke(DelegatingMethodAccessorImpl.java:25)
	at java.lang.reflect.Method.invoke(Method.java:597)
	at com.springsource.loaded.ri.ReflectiveInterceptor.jlrMethodInvoke(ReflectiveInterceptor.java:1231)
	at org.codehaus.groovy.reflection.CachedMethod.invoke(CachedMethod.java:90)
	at groovy.lang.MetaMethod.doMethodInvoke(MetaMethod.java:233)
	at groovy.lang.MetaClassImpl.invokeMethod(MetaClassImpl.java:1047)
	at groovy.lang.ExpandoMetaClass.invokeMethod(ExpandoMetaClass.java:1110)
	at groovy.lang.MetaClassImpl.invokeMethod(MetaClassImpl.java:877)
	at groovy.lang.Closure.call(Closure.java:412)
	at org.grails.plugin.resource.ResourceProcessor$_getResourceMetaForURI_closure10.call(ResourceProcessor.groovy)
	at groovy.lang.Closure.call(Closure.java:406)
	at org.grails.plugin.resource.ResourceProcessor$_getResourceMetaForURI_closure10.call(ResourceProcessor.groovy)
	at java_util_concurrent_Callable$call.call(Unknown Source)
	at org.grails.plugin.resource.util.ResourceMetaStore.getOrCreateAdHocResource(ResourceMetaStore.groovy:98)
	at org.grails.plugin.resource.util.ResourceMetaStore$getOrCreateAdHocResource.call(Unknown Source)
	at org.grails.plugin.resource.ResourceProcessor.getResourceMetaForURI(ResourceProcessor.groovy:383)
	at sun.reflect.NativeMethodAccessorImpl.invoke0(Native Method)
	at sun.reflect.NativeMethodAccessorImpl.invoke(NativeMethodAccessorImpl.java:39)
	at sun.reflect.DelegatingMethodAccessorImpl.invoke(DelegatingMethodAccessorImpl.java:25)
	at java.lang.reflect.Method.invoke(Method.java:597)
	at com.springsource.loaded.ri.ReflectiveInterceptor.jlrMethodInvoke(ReflectiveInterceptor.java:1231)
	at org.codehaus.groovy.runtime.callsite.PogoMetaMethodSite$PogoCachedMethodSite.invoke(PogoMetaMethodSite.java:226)
	at org.codehaus.groovy.runtime.callsite.PogoMetaMethodSite.callCurrent(PogoMetaMethodSite.java:52)
	at org.codehaus.groovy.runtime.callsite.AbstractCallSite.callCurrent(AbstractCallSite.java:153)
	at org.grails.plugin.resource.ResourceProcessor.getResourceMetaForURI(ResourceProcessor.groovy)
	at org.grails.plugin.resource.ResourceProcessor$getResourceMetaForURI$0.callCurrent(Unknown Source)
	at org.codehaus.groovy.runtime.callsite.CallSiteArray.defaultCallCurrent(CallSiteArray.java:46)
	at org.codehaus.groovy.runtime.callsite.AbstractCallSite.callCurrent(AbstractCallSite.java:133)
	at org.codehaus.groovy.runtime.callsite.AbstractCallSite.callCurrent(AbstractCallSite.java:145)
	at org.grails.plugin.resource.ResourceProcessor.processLegacyResource(ResourceProcessor.groovy:216)
	at org.grails.plugin.resource.ResourceProcessor$processLegacyResource.call(Unknown Source)
	at org.codehaus.groovy.runtime.callsite.CallSiteArray.defaultCall(CallSiteArray.java:42)
	at org.codehaus.groovy.runtime.callsite.AbstractCallSite.call(AbstractCallSite.java:108)
	at org.codehaus.groovy.runtime.callsite.AbstractCallSite.call(AbstractCallSite.java:120)
	at org.grails.plugin.resource.ProcessingFilter.doFilter(ProcessingFilter.groovy:37)
	at org.apache.catalina.core.ApplicationFilterChain.internalDoFilter(ApplicationFilterChain.java:243)
	at org.apache.catalina.core.ApplicationFilterChain.doFilter(ApplicationFilterChain.java:210)
	at org.springframework.web.filter.CharacterEncodingFilter.doFilterInternal(CharacterEncodingFilter.java:88)
	at org.springframework.web.filter.OncePerRequestFilter.doFilter(OncePerRequestFilter.java:76)
	at org.springframework.web.filter.DelegatingFilterProxy.invokeDelegate(DelegatingFilterProxy.java:346)
	at org.springframework.web.filter.DelegatingFilterProxy.doFilter(DelegatingFilterProxy.java:259)
	at org.apache.catalina.core.ApplicationFilterChain.internalDoFilter(ApplicationFilterChain.java:243)
	at org.apache.catalina.core.ApplicationFilterChain.doFilter(ApplicationFilterChain.java:210)
	at org.apache.catalina.core.StandardWrapperValve.invoke(StandardWrapperValve.java:224)
	at org.apache.catalina.core.StandardContextValve.invoke(StandardContextValve.java:169)
	at org.apache.catalina.core.StandardHostValve.invoke(StandardHostValve.java:168)
	at org.apache.catalina.valves.ErrorReportValve.invoke(ErrorReportValve.java:98)
	at org.apache.catalina.core.StandardEngineValve.invoke(StandardEngineValve.java:118)
	at org.apache.catalina.connector.CoyoteAdapter.service(CoyoteAdapter.java:407)
	at org.apache.coyote.http11.AbstractHttp11Processor.process(AbstractHttp11Processor.java:987)
	at org.apache.coyote.AbstractProtocol$AbstractConnectionHandler.process(AbstractProtocol.java:579)
	at org.apache.tomcat.util.net.JIoEndpoint$SocketProcessor.run(JIoEndpoint.java:309)
	at java.util.concurrent.ThreadPoolExecutor$Worker.runTask(ThreadPoolExecutor.java:885)
	at java.util.concurrent.ThreadPoolExecutor$Worker.run(ThreadPoolExecutor.java:907)
	at java.lang.Thread.run(Thread.java:619)
2012-08-22 15:38:07,067 [http-bio-8080-exec-5] ERROR StackTrace  - Full Stack Trace:
java.lang.StringIndexOutOfBoundsException: String index out of range: 29
	at java.lang.String.substring(String.java:1935)
	at org.grails.plugin.resource.ResourceProcessor.makeFileForURI(ResourceProcessor.groovy:450)
	at org.grails.plugin.resource.ResourceMeta.beginPrepare(ResourceMeta.groovy:241)
	at org.grails.plugin.resource.ResourceProcessor.prepareResource(ResourceProcessor.groovy:529)
	at org.grails.plugin.resource.ResourceProcessor$_getResourceMetaForURI_closure10.doCall(ResourceProcessor.groovy:410)
	at org.grails.plugin.resource.util.ResourceMetaStore.getOrCreateAdHocResource(ResourceMetaStore.groovy:98)
	at org.grails.plugin.resource.ResourceProcessor.getResourceMetaForURI(ResourceProcessor.groovy:383)
	at org.grails.plugin.resource.ResourceProcessor.processLegacyResource(ResourceProcessor.groovy:216)
	at org.grails.plugin.resource.ProcessingFilter.doFilter(ProcessingFilter.groovy:37)
	at java.util.concurrent.ThreadPoolExecutor$Worker.runTask(ThreadPoolExecutor.java:885)
	at java.util.concurrent.ThreadPoolExecutor$Worker.run(ThreadPoolExecutor.java:907)
	at java.lang.Thread.run(Thread.java:619)
2012-08-22 15:38:07,192 [http-bio-8080-exec-5] ERROR StackTrace  - Full Stack Trace:
java.lang.StringIndexOutOfBoundsException: String index out of range: 29
	at java.lang.String.substring(String.java:1935)
	at org.grails.plugin.resource.ResourceProcessor.makeFileForURI(ResourceProcessor.groovy:450)
	at org.grails.plugin.resource.ResourceMeta.beginPrepare(ResourceMeta.groovy:241)
	at org.grails.plugin.resource.ResourceProcessor.prepareResource(ResourceProcessor.groovy:529)
	at org.grails.plugin.resource.ResourceProcessor$_getResourceMetaForURI_closure10.doCall(ResourceProcessor.groovy:410)
	at org.grails.plugin.resource.util.ResourceMetaStore.getOrCreateAdHocResource(ResourceMetaStore.groovy:98)
	at org.grails.plugin.resource.ResourceProcessor.getResourceMetaForURI(ResourceProcessor.groovy:383)
	at org.grails.plugin.resource.ResourceProcessor.processLegacyResource(ResourceProcessor.groovy:216)
	at org.grails.plugin.resource.ProcessingFilter.doFilter(ProcessingFilter.groovy:37)
	at java.util.concurrent.ThreadPoolExecutor$Worker.runTask(ThreadPoolExecutor.java:885)
	at java.util.concurrent.ThreadPoolExecutor$Worker.run(ThreadPoolExecutor.java:907)
	at java.lang.Thread.run(Thread.java:619)
2012-08-22 15:38:07,192 [http-bio-8080-exec-5] ERROR StackTrace  - Full Stack Trace:
java.lang.StringIndexOutOfBoundsException: String index out of range: 29
	at java.lang.String.substring(String.java:1935)
	at org.grails.plugin.resource.ResourceProcessor.makeFileForURI(ResourceProcessor.groovy:450)
	at org.grails.plugin.resource.ResourceMeta.beginPrepare(ResourceMeta.groovy:241)
	at org.grails.plugin.resource.ResourceProcessor.prepareResource(ResourceProcessor.groovy:529)
	at org.grails.plugin.resource.ResourceProcessor$_getResourceMetaForURI_closure10.doCall(ResourceProcessor.groovy:410)
	at org.grails.plugin.resource.util.ResourceMetaStore.getOrCreateAdHocResource(ResourceMetaStore.groovy:98)
	at org.grails.plugin.resource.ResourceProcessor.getResourceMetaForURI(ResourceProcessor.groovy:383)
	at org.grails.plugin.resource.ResourceProcessor.processLegacyResource(ResourceProcessor.groovy:216)
	at org.grails.plugin.resource.ProcessingFilter.doFilter(ProcessingFilter.groovy:37)
	at java.util.concurrent.ThreadPoolExecutor$Worker.runTask(ThreadPoolExecutor.java:885)
	at java.util.concurrent.ThreadPoolExecutor$Worker.run(ThreadPoolExecutor.java:907)
	at java.lang.Thread.run(Thread.java:619)
2012-08-22 15:39:09,973 [http-bio-8080-exec-6] ERROR StackTrace  - Full Stack Trace:
java.lang.StringIndexOutOfBoundsException: String index out of range: 29
	at java.lang.String.substring(String.java:1935)
	at org.codehaus.groovy.runtime.DefaultGroovyMethods.getAt(DefaultGroovyMethods.java:4664)
	at org.codehaus.groovy.runtime.DefaultGroovyMethods.getAt(DefaultGroovyMethods.java:4628)
	at org.codehaus.groovy.runtime.dgm$312.invoke(Unknown Source)
	at org.codehaus.groovy.runtime.callsite.PojoMetaMethodSite$PojoMetaMethodSiteNoUnwrapNoCoerce.invoke(PojoMetaMethodSite.java:271)
	at org.codehaus.groovy.runtime.callsite.PojoMetaMethodSite.call(PojoMetaMethodSite.java:53)
	at org.codehaus.groovy.runtime.callsite.AbstractCallSite.call(AbstractCallSite.java:116)
	at org.grails.plugin.resource.ResourceProcessor.makeFileForURI(ResourceProcessor.groovy:450)
	at org.grails.plugin.resource.ResourceProcessor$makeFileForURI.call(Unknown Source)
	at org.grails.plugin.resource.ResourceMeta.beginPrepare(ResourceMeta.groovy:241)
	at org.grails.plugin.resource.ResourceMeta$beginPrepare.call(Unknown Source)
	at org.grails.plugin.resource.ResourceProcessor.prepareResource(ResourceProcessor.groovy:529)
	at sun.reflect.GeneratedMethodAccessor236.invoke(Unknown Source)
	at sun.reflect.DelegatingMethodAccessorImpl.invoke(DelegatingMethodAccessorImpl.java:25)
	at java.lang.reflect.Method.invoke(Method.java:597)
	at com.springsource.loaded.ri.ReflectiveInterceptor.jlrMethodInvoke(ReflectiveInterceptor.java:1231)
	at org.codehaus.groovy.reflection.CachedMethod.invoke(CachedMethod.java:90)
	at groovy.lang.MetaMethod.doMethodInvoke(MetaMethod.java:233)
	at groovy.lang.MetaClassImpl.invokeMethod(MetaClassImpl.java:1047)
	at groovy.lang.ExpandoMetaClass.invokeMethod(ExpandoMetaClass.java:1110)
	at groovy.lang.MetaClassImpl.invokeMethod(MetaClassImpl.java:877)
	at groovy.lang.MetaClassImpl.invokeMethod(MetaClassImpl.java:992)
	at groovy.lang.ExpandoMetaClass.invokeMethod(ExpandoMetaClass.java:1110)
	at groovy.lang.MetaClassImpl.invokeMethod(MetaClassImpl.java:877)
	at org.codehaus.groovy.runtime.callsite.PogoMetaClassSite.callCurrent(PogoMetaClassSite.java:66)
	at org.codehaus.groovy.runtime.callsite.AbstractCallSite.callCurrent(AbstractCallSite.java:145)
	at org.grails.plugin.resource.ResourceProcessor$_getResourceMetaForURI_closure10.doCall(ResourceProcessor.groovy:410)
	at sun.reflect.GeneratedMethodAccessor248.invoke(Unknown Source)
	at sun.reflect.DelegatingMethodAccessorImpl.invoke(DelegatingMethodAccessorImpl.java:25)
	at java.lang.reflect.Method.invoke(Method.java:597)
	at com.springsource.loaded.ri.ReflectiveInterceptor.jlrMethodInvoke(ReflectiveInterceptor.java:1231)
	at org.codehaus.groovy.reflection.CachedMethod.invoke(CachedMethod.java:90)
	at groovy.lang.MetaMethod.doMethodInvoke(MetaMethod.java:233)
	at groovy.lang.MetaClassImpl.invokeMethod(MetaClassImpl.java:1047)
	at groovy.lang.ExpandoMetaClass.invokeMethod(ExpandoMetaClass.java:1110)
	at groovy.lang.MetaClassImpl.invokeMethod(MetaClassImpl.java:877)
	at groovy.lang.Closure.call(Closure.java:412)
	at org.grails.plugin.resource.ResourceProcessor$_getResourceMetaForURI_closure10.call(ResourceProcessor.groovy)
	at groovy.lang.Closure.call(Closure.java:406)
	at org.grails.plugin.resource.ResourceProcessor$_getResourceMetaForURI_closure10.call(ResourceProcessor.groovy)
	at java_util_concurrent_Callable$call.call(Unknown Source)
	at org.grails.plugin.resource.util.ResourceMetaStore.getOrCreateAdHocResource(ResourceMetaStore.groovy:98)
	at org.grails.plugin.resource.util.ResourceMetaStore$getOrCreateAdHocResource.call(Unknown Source)
	at org.grails.plugin.resource.ResourceProcessor.getResourceMetaForURI(ResourceProcessor.groovy:383)
	at sun.reflect.NativeMethodAccessorImpl.invoke0(Native Method)
	at sun.reflect.NativeMethodAccessorImpl.invoke(NativeMethodAccessorImpl.java:39)
	at sun.reflect.DelegatingMethodAccessorImpl.invoke(DelegatingMethodAccessorImpl.java:25)
	at java.lang.reflect.Method.invoke(Method.java:597)
	at com.springsource.loaded.ri.ReflectiveInterceptor.jlrMethodInvoke(ReflectiveInterceptor.java:1231)
	at org.codehaus.groovy.runtime.callsite.PogoMetaMethodSite$PogoCachedMethodSite.invoke(PogoMetaMethodSite.java:226)
	at org.codehaus.groovy.runtime.callsite.PogoMetaMethodSite.callCurrent(PogoMetaMethodSite.java:52)
	at org.codehaus.groovy.runtime.callsite.AbstractCallSite.callCurrent(AbstractCallSite.java:153)
	at org.grails.plugin.resource.ResourceProcessor.getResourceMetaForURI(ResourceProcessor.groovy)
	at org.grails.plugin.resource.ResourceProcessor$getResourceMetaForURI$0.callCurrent(Unknown Source)
	at org.grails.plugin.resource.ResourceProcessor.processLegacyResource(ResourceProcessor.groovy:216)
	at org.grails.plugin.resource.ResourceProcessor$processLegacyResource.call(Unknown Source)
	at org.grails.plugin.resource.ProcessingFilter.doFilter(ProcessingFilter.groovy:37)
	at org.apache.catalina.core.ApplicationFilterChain.internalDoFilter(ApplicationFilterChain.java:243)
	at org.apache.catalina.core.ApplicationFilterChain.doFilter(ApplicationFilterChain.java:210)
	at org.springframework.web.filter.CharacterEncodingFilter.doFilterInternal(CharacterEncodingFilter.java:88)
	at org.springframework.web.filter.OncePerRequestFilter.doFilter(OncePerRequestFilter.java:76)
	at org.springframework.web.filter.DelegatingFilterProxy.invokeDelegate(DelegatingFilterProxy.java:346)
	at org.springframework.web.filter.DelegatingFilterProxy.doFilter(DelegatingFilterProxy.java:259)
	at org.apache.catalina.core.ApplicationFilterChain.internalDoFilter(ApplicationFilterChain.java:243)
	at org.apache.catalina.core.ApplicationFilterChain.doFilter(ApplicationFilterChain.java:210)
	at org.apache.catalina.core.StandardWrapperValve.invoke(StandardWrapperValve.java:224)
	at org.apache.catalina.core.StandardContextValve.invoke(StandardContextValve.java:169)
	at org.apache.catalina.core.StandardHostValve.invoke(StandardHostValve.java:168)
	at org.apache.catalina.valves.ErrorReportValve.invoke(ErrorReportValve.java:98)
	at org.apache.catalina.core.StandardEngineValve.invoke(StandardEngineValve.java:118)
	at org.apache.catalina.connector.CoyoteAdapter.service(CoyoteAdapter.java:407)
	at org.apache.coyote.http11.AbstractHttp11Processor.process(AbstractHttp11Processor.java:987)
	at org.apache.coyote.AbstractProtocol$AbstractConnectionHandler.process(AbstractProtocol.java:579)
	at org.apache.tomcat.util.net.JIoEndpoint$SocketProcessor.run(JIoEndpoint.java:309)
	at java.util.concurrent.ThreadPoolExecutor$Worker.runTask(ThreadPoolExecutor.java:885)
	at java.util.concurrent.ThreadPoolExecutor$Worker.run(ThreadPoolExecutor.java:907)
	at java.lang.Thread.run(Thread.java:619)
2012-08-22 15:39:09,973 [http-bio-8080-exec-6] ERROR StackTrace  - Full Stack Trace:
java.lang.StringIndexOutOfBoundsException: String index out of range: 29
	at java.lang.String.substring(String.java:1935)
	at org.grails.plugin.resource.ResourceProcessor.makeFileForURI(ResourceProcessor.groovy:450)
	at org.grails.plugin.resource.ResourceMeta.beginPrepare(ResourceMeta.groovy:241)
	at org.grails.plugin.resource.ResourceProcessor.prepareResource(ResourceProcessor.groovy:529)
	at org.grails.plugin.resource.ResourceProcessor$_getResourceMetaForURI_closure10.doCall(ResourceProcessor.groovy:410)
	at org.grails.plugin.resource.util.ResourceMetaStore.getOrCreateAdHocResource(ResourceMetaStore.groovy:98)
	at org.grails.plugin.resource.ResourceProcessor.getResourceMetaForURI(ResourceProcessor.groovy:383)
	at org.grails.plugin.resource.ResourceProcessor.processLegacyResource(ResourceProcessor.groovy:216)
	at org.grails.plugin.resource.ProcessingFilter.doFilter(ProcessingFilter.groovy:37)
	at java.util.concurrent.ThreadPoolExecutor$Worker.runTask(ThreadPoolExecutor.java:885)
	at java.util.concurrent.ThreadPoolExecutor$Worker.run(ThreadPoolExecutor.java:907)
	at java.lang.Thread.run(Thread.java:619)
2012-08-22 15:39:09,973 [http-bio-8080-exec-6] ERROR StackTrace  - Full Stack Trace:
java.lang.StringIndexOutOfBoundsException: String index out of range: 29
	at java.lang.String.substring(String.java:1935)
	at org.grails.plugin.resource.ResourceProcessor.makeFileForURI(ResourceProcessor.groovy:450)
	at org.grails.plugin.resource.ResourceMeta.beginPrepare(ResourceMeta.groovy:241)
	at org.grails.plugin.resource.ResourceProcessor.prepareResource(ResourceProcessor.groovy:529)
	at org.grails.plugin.resource.ResourceProcessor$_getResourceMetaForURI_closure10.doCall(ResourceProcessor.groovy:410)
	at org.grails.plugin.resource.util.ResourceMetaStore.getOrCreateAdHocResource(ResourceMetaStore.groovy:98)
	at org.grails.plugin.resource.ResourceProcessor.getResourceMetaForURI(ResourceProcessor.groovy:383)
	at org.grails.plugin.resource.ResourceProcessor.processLegacyResource(ResourceProcessor.groovy:216)
	at org.grails.plugin.resource.ProcessingFilter.doFilter(ProcessingFilter.groovy:37)
	at java.util.concurrent.ThreadPoolExecutor$Worker.runTask(ThreadPoolExecutor.java:885)
	at java.util.concurrent.ThreadPoolExecutor$Worker.run(ThreadPoolExecutor.java:907)
	at java.lang.Thread.run(Thread.java:619)
2012-08-22 15:39:09,973 [http-bio-8080-exec-6] ERROR StackTrace  - Full Stack Trace:
java.lang.StringIndexOutOfBoundsException: String index out of range: 29
	at java.lang.String.substring(String.java:1935)
	at org.grails.plugin.resource.ResourceProcessor.makeFileForURI(ResourceProcessor.groovy:450)
	at org.grails.plugin.resource.ResourceMeta.beginPrepare(ResourceMeta.groovy:241)
	at org.grails.plugin.resource.ResourceProcessor.prepareResource(ResourceProcessor.groovy:529)
	at org.grails.plugin.resource.ResourceProcessor$_getResourceMetaForURI_closure10.doCall(ResourceProcessor.groovy:410)
	at org.grails.plugin.resource.util.ResourceMetaStore.getOrCreateAdHocResource(ResourceMetaStore.groovy:98)
	at org.grails.plugin.resource.ResourceProcessor.getResourceMetaForURI(ResourceProcessor.groovy:383)
	at org.grails.plugin.resource.ResourceProcessor.processLegacyResource(ResourceProcessor.groovy:216)
	at org.grails.plugin.resource.ProcessingFilter.doFilter(ProcessingFilter.groovy:37)
	at java.util.concurrent.ThreadPoolExecutor$Worker.runTask(ThreadPoolExecutor.java:885)
	at java.util.concurrent.ThreadPoolExecutor$Worker.run(ThreadPoolExecutor.java:907)
	at java.lang.Thread.run(Thread.java:619)
